<?xml version="1.0" encoding="UTF-8"?>
<!-- Generated by org.testng.reporters.JUnitReportReporter -->
<testsuite hostname="LAPTOP-SKF752G3" name="MavenTest1.MvnTest" tests="1" failures="0" timestamp="8 Nov 2017 09:38:19 GMT" time="0.000" errors="0">
  <testcase name="mvnTest" time="0.000" classname="MavenTest1.MvnTest"/>
</testsuite> <!-- MavenTest1.MvnTest -->
